2021-08-23 00:00:00,016 INFO  [com.tmax.hyperauth.eventlistener.UserDeleteJob] (DefaultQuartzScheduler_Worker-2)  [UserDelete Job] User Deletion Job Start !! 
2021-08-23 00:00:00,037 INFO  [com.tmax.hyperauth.eventlistener.UserDeleteJob] (DefaultQuartzScheduler_Worker-2) Now : Mon Aug 23 00:00:00 KST 2021
2021-08-23 00:00:00,038 INFO  [com.tmax.hyperauth.caller.HyperAuthCaller] (DefaultQuartzScheduler_Worker-2)  [HyperAuth] Login as Admin Service
2021-08-23 00:00:00,167 INFO  [com.tmax.hyperauth.caller.HyperAuthCaller] (DefaultQuartzScheduler_Worker-2)  [HyperAuth] HyperAuth Get User Count Service
2021-08-23 00:00:00,177 INFO  [com.tmax.hyperauth.eventlistener.UserDeleteJob] (DefaultQuartzScheduler_Worker-2)  [UserDelete Job] User Count : 1
2021-08-23 00:00:00,177 INFO  [com.tmax.hyperauth.caller.HyperAuthCaller] (DefaultQuartzScheduler_Worker-2)  [HyperAuth] HyperAuth Get User List Service
2021-08-23 00:00:00,186 INFO  [com.tmax.hyperauth.eventlistener.UserDeleteJob] (DefaultQuartzScheduler_Worker-2)  [UserDelete Job] User Deletion Job Finish !! 
2021-08-23 11:08:17,949 INFO  [org.jboss.as.server.deployment.scanner] (MSC service thread 1-2) WFLYDS0013: Started FileSystemDeploymentService for directory C:\Users\WooLAB\Desktop\@DEV\hyperauth-windows-h2\install-hyperauth-legacy\standalone\deployments
2021-08-23 11:08:17,958 INFO  [org.jboss.as.server.deployment] (MSC service thread 1-1) WFLYSRV0027: Starting deployment of "keycloak-server.war" (runtime-name: "keycloak-server.war")
2021-08-23 11:08:17,958 INFO  [org.jboss.as.server.deployment] (MSC service thread 1-6) WFLYSRV0027: Starting deployment of "hyperauth-spi.jar" (runtime-name: "hyperauth-spi.jar")
2021-08-23 11:08:18,128 INFO  [org.wildfly.extension.undertow] (MSC service thread 1-5) WFLYUT0006: Undertow HTTP listener default listening on 127.0.0.1:8080
2021-08-23 11:08:18,309 INFO  [org.jboss.as.ejb3] (MSC service thread 1-8) WFLYEJB0493: EJB subsystem suspension complete
2021-08-23 11:08:18,466 INFO  [org.jboss.as.connector.subsystems.datasources] (MSC service thread 1-8) WFLYJCA0001: Bound data source [java:jboss/datasources/KeycloakDS]
2021-08-23 11:08:18,466 INFO  [org.jboss.as.connector.subsystems.datasources] (MSC service thread 1-1) WFLYJCA0001: Bound data source [java:jboss/datasources/ExampleDS]
2021-08-23 11:08:19,030 INFO  [org.wildfly.extension.undertow] (MSC service thread 1-8) WFLYUT0006: Undertow HTTPS listener https listening on 127.0.0.1:8443
2021-08-23 11:08:19,375 INFO  [org.infinispan.PERSISTENCE] (MSC service thread 1-2) ISPN000556: Starting user marshaller 'org.wildfly.clustering.infinispan.marshalling.jboss.JBossMarshaller'
2021-08-23 11:08:19,375 INFO  [org.infinispan.PERSISTENCE] (MSC service thread 1-7) ISPN000556: Starting user marshaller 'org.wildfly.clustering.infinispan.marshalling.jboss.JBossMarshaller'
2021-08-23 11:08:19,400 INFO  [org.infinispan.CONTAINER] (MSC service thread 1-7) ISPN000128: Infinispan version: Infinispan 'Turia' 10.1.8.Final
2021-08-23 11:08:19,718 INFO  [org.jboss.as.clustering.infinispan] (ServerService Thread Pool -- 56) WFLYCLINF0002: Started client-mappings cache from ejb container
2021-08-23 11:08:19,764 INFO  [org.jboss.as.clustering.infinispan] (ServerService Thread Pool -- 65) WFLYCLINF0002: Started work cache from keycloak container
2021-08-23 11:08:19,765 INFO  [org.jboss.as.clustering.infinispan] (ServerService Thread Pool -- 66) WFLYCLINF0002: Started offlineClientSessions cache from keycloak container
2021-08-23 11:08:19,766 INFO  [org.jboss.as.clustering.infinispan] (ServerService Thread Pool -- 60) WFLYCLINF0002: Started authenticationSessions cache from keycloak container
2021-08-23 11:08:19,767 INFO  [org.jboss.as.clustering.infinispan] (ServerService Thread Pool -- 68) WFLYCLINF0002: Started clientSessions cache from keycloak container
2021-08-23 11:08:19,767 INFO  [org.jboss.as.clustering.infinispan] (ServerService Thread Pool -- 58) WFLYCLINF0002: Started offlineSessions cache from keycloak container
2021-08-23 11:08:19,766 INFO  [org.jboss.as.clustering.infinispan] (ServerService Thread Pool -- 57) WFLYCLINF0002: Started loginFailures cache from keycloak container
2021-08-23 11:08:19,769 INFO  [org.jboss.as.clustering.infinispan] (ServerService Thread Pool -- 63) WFLYCLINF0002: Started actionTokens cache from keycloak container
2021-08-23 11:08:19,769 INFO  [org.jboss.as.clustering.infinispan] (ServerService Thread Pool -- 64) WFLYCLINF0002: Started sessions cache from keycloak container
2021-08-23 11:08:19,814 INFO  [org.jboss.as.clustering.infinispan] (ServerService Thread Pool -- 67) WFLYCLINF0002: Started users cache from keycloak container
2021-08-23 11:08:19,814 INFO  [org.jboss.as.clustering.infinispan] (ServerService Thread Pool -- 61) WFLYCLINF0002: Started realms cache from keycloak container
2021-08-23 11:08:19,814 INFO  [org.jboss.as.clustering.infinispan] (ServerService Thread Pool -- 62) WFLYCLINF0002: Started keys cache from keycloak container
2021-08-23 11:08:19,814 INFO  [org.jboss.as.clustering.infinispan] (ServerService Thread Pool -- 59) WFLYCLINF0002: Started authorization cache from keycloak container
2021-08-23 11:08:20,012 WARN  [org.jboss.as.server.deployment] (MSC service thread 1-2) WFLYSRV0273: Excluded subsystem webservices via jboss-deployment-structure.xml does not exist.
2021-08-23 11:08:21,281 INFO  [org.keycloak.services] (ServerService Thread Pool -- 56) KC-SERVICES0001: Loading config from standalone.xml or domain.xml
2021-08-23 11:08:21,944 WARN  [org.jboss.as.dependency.private] (MSC service thread 1-7) WFLYSRV0018: Deployment "deployment.hyperauth-spi.jar" is using a private module ("org.keycloak.keycloak-server-spi-private") which may be changed or removed in future versions without notice.
2021-08-23 11:08:21,944 WARN  [org.jboss.as.dependency.private] (MSC service thread 1-7) WFLYSRV0018: Deployment "deployment.hyperauth-spi.jar" is using a private module ("org.keycloak.keycloak-services") which may be changed or removed in future versions without notice.
2021-08-23 11:08:21,944 WARN  [org.jboss.as.dependency.private] (MSC service thread 1-7) WFLYSRV0018: Deployment "deployment.hyperauth-spi.jar" is using a private module ("org.keycloak.keycloak-saml-core-public") which may be changed or removed in future versions without notice.
2021-08-23 11:08:21,945 WARN  [org.jboss.as.dependency.private] (MSC service thread 1-7) WFLYSRV0018: Deployment "deployment.hyperauth-spi.jar" is using a private module ("org.keycloak.keycloak-model-jpa") which may be changed or removed in future versions without notice.
2021-08-23 11:08:21,949 INFO  [org.keycloak.subsystem.server.extension.KeycloakProviderDeploymentProcessor] (MSC service thread 1-4) Deploying Keycloak provider: hyperauth-spi.jar
2021-08-23 11:08:21,963 INFO  [org.jboss.as.connector.deployers.jdbc] (MSC service thread 1-2) WFLYJCA0004: Deploying JDBC-compliant driver class com.tmax.tibero.jdbc.TbDriver (version 6.0)
2021-08-23 11:08:21,966 INFO  [org.jboss.as.connector.deployers.jdbc] (MSC service thread 1-3) WFLYJCA0018: Started Driver service with driver-name = hyperauth-spi.jar
2021-08-23 11:08:21,967 INFO  [org.keycloak.url.DefaultHostnameProviderFactory] (ServerService Thread Pool -- 56) Frontend: <request>, Admin: <frontend>, Backend: <request>
2021-08-23 11:08:22,104 WARN  [org.keycloak.services] (ServerService Thread Pool -- 56) KC-SERVICES0047: secret_question_config (com.tmax.hyperauth.authenticator.secretQuestion.SecretQuestionRequiredActionFactory) is implementing the internal SPI required-action. This SPI is internal and may change without notice
2021-08-23 11:08:22,108 WARN  [org.keycloak.services] (ServerService Thread Pool -- 56) KC-SERVICES0047: naver-user-attribute-mapper (com.tmax.hyperauth.identity.naver.NaverUserAttributeMapper) is implementing the internal SPI identity-provider-mapper. This SPI is internal and may change without notice
2021-08-23 11:08:22,108 WARN  [org.keycloak.services] (ServerService Thread Pool -- 56) KC-SERVICES0047: kakao-user-attribute-mapper (com.tmax.hyperauth.identity.kakao.KakaoUserAttributeMapper) is implementing the internal SPI identity-provider-mapper. This SPI is internal and may change without notice
2021-08-23 11:08:22,112 WARN  [org.keycloak.services] (ServerService Thread Pool -- 56) KC-SERVICES0047: secret-question (com.tmax.hyperauth.authenticator.secretQuestion.SecretQuestionCredentialProviderFactory) is implementing the internal SPI credential. This SPI is internal and may change without notice
2021-08-23 11:08:22,116 WARN  [org.keycloak.services] (ServerService Thread Pool -- 56) KC-SERVICES0047: hyperauth_event_listener (com.tmax.hyperauth.eventlistener.HyperauthEventListenerProviderFactory) is implementing the internal SPI eventsListener. This SPI is internal and may change without notice
2021-08-23 11:08:22,116 WARN  [org.keycloak.services] (ServerService Thread Pool -- 56) KC-SERVICES0047: kafka_producer (com.tmax.hyperauth.eventlistener.kafka.producer.KafkaEventListenerProviderFactory) is implementing the internal SPI eventsListener. This SPI is internal and may change without notice
2021-08-23 11:08:22,116 WARN  [org.keycloak.services] (ServerService Thread Pool -- 56) KC-SERVICES0047: prometheus_metric_listener (com.tmax.hyperauth.eventlistener.prometheus.MetricsEventListenerFactory) is implementing the internal SPI eventsListener. This SPI is internal and may change without notice
2021-08-23 11:08:22,119 WARN  [org.keycloak.services] (ServerService Thread Pool -- 56) KC-SERVICES0047: hyperauth-entity-provider (com.tmax.hyperauth.jpa.HyperauthJpaEntityProviderFactory) is implementing the internal SPI jpa-entity-provider. This SPI is internal and may change without notice
2021-08-23 11:08:22,121 WARN  [org.keycloak.services] (ServerService Thread Pool -- 56) KC-SERVICES0047: bcrypt (com.tmax.hyperauth.passwordhash.BCryptPasswordHashProviderFactory) is implementing the internal SPI password-hashing. This SPI is internal and may change without notice
2021-08-23 11:08:22,133 WARN  [org.keycloak.services] (ServerService Thread Pool -- 56) KC-SERVICES0047: secret-question-authenticator (com.tmax.hyperauth.authenticator.secretQuestion.SecretQuestionAuthenticatorFactory) is implementing the internal SPI authenticator. This SPI is internal and may change without notice
2021-08-23 11:08:22,133 WARN  [org.keycloak.services] (ServerService Thread Pool -- 56) KC-SERVICES0047: security-policy-authenticator (com.tmax.hyperauth.authenticator.securityPolicy.SecurityPolicyAuthenticatorFactory) is implementing the internal SPI authenticator. This SPI is internal and may change without notice
2021-08-23 11:08:22,133 WARN  [org.keycloak.services] (ServerService Thread Pool -- 56) KC-SERVICES0047: email-otp-authenticator (com.tmax.hyperauth.authenticator.otp.EmailOTPAuthenticatorFactory) is implementing the internal SPI authenticator. This SPI is internal and may change without notice
2021-08-23 11:08:22,133 WARN  [org.keycloak.services] (ServerService Thread Pool -- 56) KC-SERVICES0047: password-update-alert-authenticator (com.tmax.hyperauth.authenticator.passwordUpdateAlert.PasswordUpdateAlertAuthenticatorFactory) is implementing the internal SPI authenticator. This SPI is internal and may change without notice
2021-08-23 11:08:22,133 WARN  [org.keycloak.services] (ServerService Thread Pool -- 56) KC-SERVICES0047: withdrawal-cancel-authenticator (com.tmax.hyperauth.authenticator.withdrawalCancel.WithdrawalCancelAuthenticatorFactory) is implementing the internal SPI authenticator. This SPI is internal and may change without notice
2021-08-23 11:08:22,134 WARN  [org.keycloak.services] (ServerService Thread Pool -- 56) KC-SERVICES0047: selectBoxAuthenticator (com.tmax.hyperauth.authenticator.authSelectBox.selectAuthenticatorFactory) is implementing the internal SPI authenticator. This SPI is internal and may change without notice
2021-08-23 11:08:22,141 WARN  [org.keycloak.services] (ServerService Thread Pool -- 56) KC-SERVICES0047: tmax-phone-validation (com.tmax.hyperauth.register.PhoneValidationForm) is implementing the internal SPI form-action. This SPI is internal and may change without notice
2021-08-23 11:08:22,143 WARN  [org.keycloak.services] (ServerService Thread Pool -- 56) KC-SERVICES0047: naver (com.tmax.hyperauth.identity.naver.NaverIdentityProviderFactory) is implementing the internal SPI social. This SPI is internal and may change without notice
2021-08-23 11:08:22,144 WARN  [org.keycloak.services] (ServerService Thread Pool -- 56) KC-SERVICES0047: kakao (com.tmax.hyperauth.identity.kakao.KakaoIdentityProviderFactory) is implementing the internal SPI social. This SPI is internal and may change without notice
2021-08-23 11:08:22,154 WARN  [org.keycloak.services] (ServerService Thread Pool -- 56) KC-SERVICES0047: user (com.tmax.hyperauth.rest.UserProviderFactory) is implementing the internal SPI realm-restapi-extension. This SPI is internal and may change without notice
2021-08-23 11:08:22,154 WARN  [org.keycloak.services] (ServerService Thread Pool -- 56) KC-SERVICES0047: agreement (com.tmax.hyperauth.rest.AgreementProviderFactory) is implementing the internal SPI realm-restapi-extension. This SPI is internal and may change without notice
2021-08-23 11:08:22,154 WARN  [org.keycloak.services] (ServerService Thread Pool -- 56) KC-SERVICES0047: sms (com.tmax.hyperauth.rest.SMSCodeProviderFactory) is implementing the internal SPI realm-restapi-extension. This SPI is internal and may change without notice
2021-08-23 11:08:22,155 WARN  [org.keycloak.services] (ServerService Thread Pool -- 56) KC-SERVICES0047: email (com.tmax.hyperauth.rest.EmailProviderFactory) is implementing the internal SPI realm-restapi-extension. This SPI is internal and may change without notice
2021-08-23 11:08:22,155 WARN  [org.keycloak.services] (ServerService Thread Pool -- 56) KC-SERVICES0047: password (com.tmax.hyperauth.rest.PasswordProviderFactory) is implementing the internal SPI realm-restapi-extension. This SPI is internal and may change without notice
2021-08-23 11:08:22,155 WARN  [org.keycloak.services] (ServerService Thread Pool -- 56) KC-SERVICES0047: groupMember (com.tmax.hyperauth.rest.GroupMemberProviderFactory) is implementing the internal SPI realm-restapi-extension. This SPI is internal and may change without notice
2021-08-23 11:08:22,155 WARN  [org.keycloak.services] (ServerService Thread Pool -- 56) KC-SERVICES0047: session (com.tmax.hyperauth.rest.SessionProviderFactory) is implementing the internal SPI realm-restapi-extension. This SPI is internal and may change without notice
2021-08-23 11:08:22,155 WARN  [org.keycloak.services] (ServerService Thread Pool -- 56) KC-SERVICES0047: group (com.tmax.hyperauth.rest.GroupProviderFactory) is implementing the internal SPI realm-restapi-extension. This SPI is internal and may change without notice
2021-08-23 11:08:22,155 WARN  [org.keycloak.services] (ServerService Thread Pool -- 56) KC-SERVICES0047: console (com.tmax.hyperauth.rest.ConsoleProviderFactory) is implementing the internal SPI realm-restapi-extension. This SPI is internal and may change without notice
2021-08-23 11:08:22,156 WARN  [org.keycloak.services] (ServerService Thread Pool -- 56) KC-SERVICES0047: version (com.tmax.hyperauth.rest.VersionProviderFactory) is implementing the internal SPI realm-restapi-extension. This SPI is internal and may change without notice
2021-08-23 11:08:22,156 WARN  [org.keycloak.services] (ServerService Thread Pool -- 56) KC-SERVICES0047: picture (com.tmax.hyperauth.rest.PictureProviderFactory) is implementing the internal SPI realm-restapi-extension. This SPI is internal and may change without notice
2021-08-23 11:08:22,158 WARN  [org.keycloak.services] (ServerService Thread Pool -- 56) KC-SERVICES0047: metrics (com.tmax.hyperauth.eventlistener.prometheus.MetricsEndpointFactory) is implementing the internal SPI realm-restapi-extension. This SPI is internal and may change without notice
2021-08-23 11:08:22,180 INFO  [org.jboss.as.clustering.infinispan] (ServerService Thread Pool -- 56) WFLYCLINF0002: Started realmRevisions cache from keycloak container
2021-08-23 11:08:22,183 INFO  [org.jboss.as.clustering.infinispan] (ServerService Thread Pool -- 56) WFLYCLINF0002: Started userRevisions cache from keycloak container
2021-08-23 11:08:22,188 INFO  [org.jboss.as.clustering.infinispan] (ServerService Thread Pool -- 56) WFLYCLINF0002: Started authorizationRevisions cache from keycloak container
2021-08-23 11:08:22,190 INFO  [org.keycloak.connections.infinispan.DefaultInfinispanConnectionProviderFactory] (ServerService Thread Pool -- 56) Node name: desktop-g8dotjb, Site name: null
2021-08-23 11:08:22,199 INFO  [com.tmax.hyperauth.eventlistener.HyperauthEventListenerProviderFactory] (ServerService Thread Pool -- 56) Register UserDeleteJob Cronjob
2021-08-23 11:08:22,290 INFO  [org.quartz.impl.StdSchedulerFactory] (ServerService Thread Pool -- 56) Using default implementation for ThreadExecutor
2021-08-23 11:08:22,292 INFO  [org.quartz.simpl.SimpleThreadPool] (ServerService Thread Pool -- 56) Job execution threads will use class loader of thread: ServerService Thread Pool -- 56
2021-08-23 11:08:22,306 INFO  [org.quartz.core.SchedulerSignalerImpl] (ServerService Thread Pool -- 56) Initialized Scheduler Signaller of type: class org.quartz.core.SchedulerSignalerImpl
2021-08-23 11:08:22,307 INFO  [org.quartz.core.QuartzScheduler] (ServerService Thread Pool -- 56) Quartz Scheduler v.2.3.2 created.
2021-08-23 11:08:22,308 INFO  [org.quartz.simpl.RAMJobStore] (ServerService Thread Pool -- 56) RAMJobStore initialized.
2021-08-23 11:08:22,309 INFO  [org.quartz.core.QuartzScheduler] (ServerService Thread Pool -- 56) Scheduler meta-data: Quartz Scheduler (v2.3.2) 'DefaultQuartzScheduler' with instanceId 'NON_CLUSTERED'
  Scheduler class: 'org.quartz.core.QuartzScheduler' - running locally.
  NOT STARTED.
  Currently in standby mode.
  Number of jobs executed: 0
  Using thread pool 'org.quartz.simpl.SimpleThreadPool' - with 10 threads.
  Using job-store 'org.quartz.simpl.RAMJobStore' - which does not support persistence. and is not clustered.

2021-08-23 11:08:22,309 INFO  [org.quartz.impl.StdSchedulerFactory] (ServerService Thread Pool -- 56) Quartz scheduler 'DefaultQuartzScheduler' initialized from default resource file in Quartz package: 'quartz.properties'
2021-08-23 11:08:22,309 INFO  [org.quartz.impl.StdSchedulerFactory] (ServerService Thread Pool -- 56) Quartz scheduler version: 2.3.2
2021-08-23 11:08:22,309 INFO  [org.quartz.core.QuartzScheduler] (ServerService Thread Pool -- 56) Scheduler DefaultQuartzScheduler_$_NON_CLUSTERED started.
2021-08-23 11:08:28,550 INFO  [org.hibernate.jpa.internal.util.LogHelper] (ServerService Thread Pool -- 56) HHH000204: Processing PersistenceUnitInfo [
	name: keycloak-default
	...]
2021-08-23 11:08:28,629 INFO  [org.hibernate.Version] (ServerService Thread Pool -- 56) HHH000412: Hibernate Core {5.3.17.Final}
2021-08-23 11:08:28,632 INFO  [org.hibernate.cfg.Environment] (ServerService Thread Pool -- 56) HHH000206: hibernate.properties not found
2021-08-23 11:08:28,801 INFO  [org.hibernate.annotations.common.Version] (ServerService Thread Pool -- 56) HCANN000001: Hibernate Commons Annotations {5.0.5.Final}
2021-08-23 11:08:28,963 INFO  [org.hibernate.dialect.Dialect] (ServerService Thread Pool -- 56) HHH000400: Using dialect: org.hibernate.dialect.H2Dialect
2021-08-23 11:08:28,971 WARN  [org.hibernate.dialect.H2Dialect] (ServerService Thread Pool -- 56) HHH000431: Unable to determine H2 database version, certain features may not work
2021-08-23 11:08:29,009 INFO  [org.hibernate.envers.boot.internal.EnversServiceImpl] (ServerService Thread Pool -- 56) Envers integration enabled? : true
2021-08-23 11:08:29,440 INFO  [org.hibernate.orm.beans] (ServerService Thread Pool -- 56) HHH10005002: No explicit CDI BeanManager reference was passed to Hibernate, but CDI is available on the Hibernate ClassLoader.
2021-08-23 11:08:29,488 INFO  [org.hibernate.validator.internal.util.Version] (ServerService Thread Pool -- 56) HV000001: Hibernate Validator 6.0.20.Final
2021-08-23 11:08:30,570 INFO  [org.hibernate.hql.internal.QueryTranslatorFactoryInitiator] (ServerService Thread Pool -- 56) HHH000397: Using ASTQueryTranslatorFactory
2021-08-23 11:08:31,170 INFO  [org.jboss.resteasy.resteasy_jaxrs.i18n] (ServerService Thread Pool -- 56) RESTEASY002225: Deploying javax.ws.rs.core.Application: class org.keycloak.services.resources.KeycloakApplication
2021-08-23 11:08:31,171 INFO  [org.jboss.resteasy.resteasy_jaxrs.i18n] (ServerService Thread Pool -- 56) RESTEASY002200: Adding class resource org.keycloak.services.resources.ThemeResource from Application class org.keycloak.services.resources.KeycloakApplication
2021-08-23 11:08:31,171 INFO  [org.jboss.resteasy.resteasy_jaxrs.i18n] (ServerService Thread Pool -- 56) RESTEASY002205: Adding provider class org.keycloak.services.error.KeycloakErrorHandler from Application class org.keycloak.services.resources.KeycloakApplication
2021-08-23 11:08:31,172 INFO  [org.jboss.resteasy.resteasy_jaxrs.i18n] (ServerService Thread Pool -- 56) RESTEASY002200: Adding class resource org.keycloak.services.resources.JsResource from Application class org.keycloak.services.resources.KeycloakApplication
2021-08-23 11:08:31,172 INFO  [org.jboss.resteasy.resteasy_jaxrs.i18n] (ServerService Thread Pool -- 56) RESTEASY002205: Adding provider class org.keycloak.services.filters.KeycloakSecurityHeadersFilter from Application class org.keycloak.services.resources.KeycloakApplication
2021-08-23 11:08:31,172 INFO  [org.jboss.resteasy.resteasy_jaxrs.i18n] (ServerService Thread Pool -- 56) RESTEASY002220: Adding singleton resource org.keycloak.services.resources.admin.AdminRoot from Application class org.keycloak.services.resources.KeycloakApplication
2021-08-23 11:08:31,172 INFO  [org.jboss.resteasy.resteasy_jaxrs.i18n] (ServerService Thread Pool -- 56) RESTEASY002220: Adding singleton resource org.keycloak.services.resources.RobotsResource from Application class org.keycloak.services.resources.KeycloakApplication
2021-08-23 11:08:31,172 INFO  [org.jboss.resteasy.resteasy_jaxrs.i18n] (ServerService Thread Pool -- 56) RESTEASY002220: Adding singleton resource org.keycloak.services.resources.WelcomeResource from Application class org.keycloak.services.resources.KeycloakApplication
2021-08-23 11:08:31,173 INFO  [org.jboss.resteasy.resteasy_jaxrs.i18n] (ServerService Thread Pool -- 56) RESTEASY002220: Adding singleton resource org.keycloak.services.resources.RealmsResource from Application class org.keycloak.services.resources.KeycloakApplication
2021-08-23 11:08:31,173 INFO  [org.jboss.resteasy.resteasy_jaxrs.i18n] (ServerService Thread Pool -- 56) RESTEASY002210: Adding provider singleton org.keycloak.services.util.ObjectMapperResolver from Application class org.keycloak.services.resources.KeycloakApplication
2021-08-23 11:08:31,265 INFO  [org.wildfly.extension.undertow] (ServerService Thread Pool -- 56) WFLYUT0021: Registered web context: '/auth' for server 'default-server'
2021-08-23 11:08:31,338 INFO  [org.jboss.as.server] (ServerService Thread Pool -- 33) WFLYSRV0010: Deployed "hyperauth-spi.jar" (runtime-name : "hyperauth-spi.jar")
2021-08-23 11:08:31,339 INFO  [org.jboss.as.server] (ServerService Thread Pool -- 55) WFLYSRV0010: Deployed "keycloak-server.war" (runtime-name : "keycloak-server.war")
2021-08-23 11:08:31,432 INFO  [org.jboss.as.server] (Controller Boot Thread) WFLYSRV0212: Resuming server
2021-08-23 11:08:31,436 INFO  [org.jboss.as] (Controller Boot Thread) WFLYSRV0025: Keycloak 11.0.2 (WildFly Core 12.0.3.Final) started in 17400ms - Started 633 of 932 services (604 services are lazy, passive or on-demand)
2021-08-23 11:08:31,439 INFO  [org.jboss.as] (Controller Boot Thread) WFLYSRV0060: Http management interface listening on http://127.0.0.1:9990/management
2021-08-23 11:08:31,439 INFO  [org.jboss.as] (Controller Boot Thread) WFLYSRV0051: Admin console listening on http://127.0.0.1:9990
2021-08-23 11:09:12,698 INFO  [com.tmax.hyperauth.eventlistener.HyperauthEventListenerProvider] (default task-4) Admin Event Occurred:operationType=UPDATE, realmId=master, clientId=7f1a4593-ff8f-4cbb-936c-95856f015476, userId=412beb28-eb1a-40ad-9b48-6f847bda0752, ipAddress=127.0.0.1, resourcePath=null
2021-08-23 11:14:28,859 INFO  [com.tmax.hyperauth.authenticator.securityPolicy.SecurityPolicyAuthenticator] (default task-5) isSecurityPolicyEnabled From User Attribute : null, user [ admin@tmax.co.kr ]
2021-08-23 11:14:28,860 INFO  [com.tmax.hyperauth.authenticator.securityPolicy.SecurityPolicyAuthenticator] (default task-5) Bypassing Security Policy since disabled user [ admin@tmax.co.kr ]
2021-08-23 11:14:28,860 INFO  [com.tmax.hyperauth.authenticator.otp.EmailOTPAuthenticator] (default task-5) otpEnabled From Attribute : null, user [ admin@tmax.co.kr ]
2021-08-23 11:14:28,861 INFO  [com.tmax.hyperauth.authenticator.otp.EmailOTPAuthenticator] (default task-5) Bypassing OTP Authenticator since user [ admin@tmax.co.kr ] has not set OTP Authenticator
2021-08-23 11:14:28,861 INFO  [com.tmax.hyperauth.authenticator.withdrawalCancel.WithdrawalCancelAuthenticator] (default task-5) User [ admin@tmax.co.kr ] Do Not Need to Withdrawal Check
2021-08-23 11:14:28,862 INFO  [com.tmax.hyperauth.authenticator.passwordUpdateAlert.PasswordUpdateAlertAuthenticator] (default task-5) Using Password Update Period  : 3, user [ admin@tmax.co.kr ]
2021-08-23 11:14:28,862 INFO  [com.tmax.hyperauth.authenticator.passwordUpdateAlert.PasswordUpdateAlertAuthenticator] (default task-5) User [ admin@tmax.co.kr ] Do Not Need to Update Password
2021-08-23 11:14:28,866 INFO  [com.tmax.hyperauth.eventlistener.HyperauthEventListenerProvider] (default task-5) Event Occurred:type=LOGIN, realmId=tmax, clientId=account, userId=8e8a0220-b1b7-485b-8746-9226f37db698, ipAddress=127.0.0.1, sessionId=b787c767-8458-472b-a783-914d85e08a54, time=1629684868865, auth_method=openid-connect, auth_type=code, redirect_uri=http://localhost:8080/auth/realms/tmax/account/login-redirect, consent=no_consent_required, code_id=b787c767-8458-472b-a783-914d85e08a54, username=admin@tmax.co.kr
